G:\VS2012\1942\1942\DEBUG\BACKGROUND.OBJ
G:\VS2012\1942\1942\DEBUG\BOMB.OBJ
G:\VS2012\1942\1942\DEBUG\BOSS.OBJ
G:\VS2012\1942\1942\DEBUG\BULLET.OBJ
G:\VS2012\1942\1942\DEBUG\DRAWER.OBJ
G:\VS2012\1942\1942\DEBUG\DRAW.OBJ
G:\VS2012\1942\1942\DEBUG\ENDSCENE.OBJ
G:\VS2012\1942\1942\DEBUG\ENEMY.OBJ
G:\VS2012\1942\1942\DEBUG\GAMESCENE.OBJ
G:\VS2012\1942\1942\DEBUG\HIGHSCORESCENE.OBJ
G:\VS2012\1942\1942\DEBUG\ITEM.OBJ
G:\VS2012\1942\1942\DEBUG\LOGIC.OBJ
G:\VS2012\1942\1942\DEBUG\MAIN.OBJ
G:\VS2012\1942\1942\DEBUG\MENUITEM.OBJ
G:\VS2012\1942\1942\DEBUG\PLAYER.OBJ
G:\VS2012\1942\1942\DEBUG\STARTSCENE.OBJ
G:\VS2012\1942\1942\DEBUG\VC110.PDB
G:\VS2012\1942\1942\DEBUG\INSTRUCTIONSSCENE.OBJ
G:\VS2012\1942\1942\DEBUG\MODESELECTSCENE.OBJ
G:\VS2012\1942\1942\DEBUG\WINSCENE.OBJ
G:\VS2012\1942\DEBUG\1942.ILK
G:\VS2012\1942\DEBUG\1942.EXE
G:\VS2012\1942\DEBUG\1942.PDB
G:\VS2012\1942\1942\Debug\background.obj
G:\VS2012\1942\1942\Debug\bomb.obj
G:\VS2012\1942\1942\Debug\boss.obj
G:\VS2012\1942\1942\Debug\bullet.obj
G:\VS2012\1942\1942\Debug\draw.obj
G:\VS2012\1942\1942\Debug\drawer.obj
G:\VS2012\1942\1942\Debug\EndScene.obj
G:\VS2012\1942\1942\Debug\enemy.obj
G:\VS2012\1942\1942\Debug\GameScene.obj
G:\VS2012\1942\1942\Debug\HighScoreScene.obj
G:\VS2012\1942\1942\Debug\InstructionsScene.obj
G:\VS2012\1942\1942\Debug\Item.obj
G:\VS2012\1942\1942\Debug\logic.obj
G:\VS2012\1942\1942\Debug\main.obj
G:\VS2012\1942\1942\Debug\menuitem.obj
G:\VS2012\1942\1942\Debug\ModeSelectScene.obj
G:\VS2012\1942\1942\Debug\player.obj
G:\VS2012\1942\1942\Debug\StartScene.obj
G:\VS2012\1942\1942\Debug\WinScene.obj
G:\VS2012\1942\1942\Debug\cl.command.1.tlog
G:\VS2012\1942\1942\Debug\CL.read.1.tlog
G:\VS2012\1942\1942\Debug\CL.write.1.tlog
G:\VS2012\1942\1942\Debug\link-cvtres.read.1.tlog
G:\VS2012\1942\1942\Debug\link-cvtres.write.1.tlog
G:\VS2012\1942\1942\Debug\link-rc.read.1.tlog
G:\VS2012\1942\1942\Debug\link-rc.write.1.tlog
G:\VS2012\1942\1942\Debug\link.1256-cvtres.read.1.tlog
G:\VS2012\1942\1942\Debug\link.1256-cvtres.write.1.tlog
G:\VS2012\1942\1942\Debug\link.1256-rc.read.1.tlog
G:\VS2012\1942\1942\Debug\link.1256-rc.write.1.tlog
G:\VS2012\1942\1942\Debug\link.1256.read.1.tlog
G:\VS2012\1942\1942\Debug\link.1256.write.1.tlog
G:\VS2012\1942\1942\Debug\link.2280-cvtres.read.1.tlog
G:\VS2012\1942\1942\Debug\link.2280-cvtres.write.1.tlog
G:\VS2012\1942\1942\Debug\link.2280-rc.read.1.tlog
G:\VS2012\1942\1942\Debug\link.2280-rc.write.1.tlog
G:\VS2012\1942\1942\Debug\link.2280.read.1.tlog
G:\VS2012\1942\1942\Debug\link.2280.write.1.tlog
G:\VS2012\1942\1942\Debug\link.2680-cvtres.read.1.tlog
G:\VS2012\1942\1942\Debug\link.2680-cvtres.write.1.tlog
G:\VS2012\1942\1942\Debug\link.2680-rc.read.1.tlog
G:\VS2012\1942\1942\Debug\link.2680-rc.write.1.tlog
G:\VS2012\1942\1942\Debug\link.2680.read.1.tlog
G:\VS2012\1942\1942\Debug\link.2680.write.1.tlog
G:\VS2012\1942\1942\Debug\link.3344-cvtres.read.1.tlog
G:\VS2012\1942\1942\Debug\link.3344-cvtres.write.1.tlog
G:\VS2012\1942\1942\Debug\link.3344-rc.read.1.tlog
G:\VS2012\1942\1942\Debug\link.3344-rc.write.1.tlog
G:\VS2012\1942\1942\Debug\link.3344.read.1.tlog
G:\VS2012\1942\1942\Debug\link.3344.write.1.tlog
G:\VS2012\1942\1942\Debug\link.3680-cvtres.read.1.tlog
G:\VS2012\1942\1942\Debug\link.3680-cvtres.write.1.tlog
G:\VS2012\1942\1942\Debug\link.3680-rc.read.1.tlog
G:\VS2012\1942\1942\Debug\link.3680-rc.write.1.tlog
G:\VS2012\1942\1942\Debug\link.3680.read.1.tlog
G:\VS2012\1942\1942\Debug\link.3680.write.1.tlog
G:\VS2012\1942\1942\Debug\link.5368-cvtres.read.1.tlog
G:\VS2012\1942\1942\Debug\link.5368-cvtres.write.1.tlog
G:\VS2012\1942\1942\Debug\link.5368-rc.read.1.tlog
G:\VS2012\1942\1942\Debug\link.5368-rc.write.1.tlog
G:\VS2012\1942\1942\Debug\link.5368.read.1.tlog
G:\VS2012\1942\1942\Debug\link.5368.write.1.tlog
G:\VS2012\1942\1942\Debug\link.5392-cvtres.read.1.tlog
G:\VS2012\1942\1942\Debug\link.5392-cvtres.write.1.tlog
G:\VS2012\1942\1942\Debug\link.5392-rc.read.1.tlog
G:\VS2012\1942\1942\Debug\link.5392-rc.write.1.tlog
G:\VS2012\1942\1942\Debug\link.5392.read.1.tlog
G:\VS2012\1942\1942\Debug\link.5392.write.1.tlog
G:\VS2012\1942\1942\Debug\link.6464-cvtres.read.1.tlog
G:\VS2012\1942\1942\Debug\link.6464-cvtres.write.1.tlog
G:\VS2012\1942\1942\Debug\link.6464-rc.read.1.tlog
G:\VS2012\1942\1942\Debug\link.6464-rc.write.1.tlog
G:\VS2012\1942\1942\Debug\link.6464.read.1.tlog
G:\VS2012\1942\1942\Debug\link.6464.write.1.tlog
G:\VS2012\1942\1942\Debug\link.7132-cvtres.read.1.tlog
G:\VS2012\1942\1942\Debug\link.7132-cvtres.write.1.tlog
G:\VS2012\1942\1942\Debug\link.7132-rc.read.1.tlog
G:\VS2012\1942\1942\Debug\link.7132-rc.write.1.tlog
G:\VS2012\1942\1942\Debug\link.7132.read.1.tlog
G:\VS2012\1942\1942\Debug\link.7132.write.1.tlog
G:\VS2012\1942\1942\Debug\link.8008-cvtres.read.1.tlog
G:\VS2012\1942\1942\Debug\link.8008-cvtres.write.1.tlog
G:\VS2012\1942\1942\Debug\link.8008-rc.read.1.tlog
G:\VS2012\1942\1942\Debug\link.8008-rc.write.1.tlog
G:\VS2012\1942\1942\Debug\link.8008.read.1.tlog
G:\VS2012\1942\1942\Debug\link.8008.write.1.tlog
G:\VS2012\1942\1942\Debug\link.command.1.tlog
G:\VS2012\1942\1942\Debug\link.read.1.tlog
G:\VS2012\1942\1942\Debug\link.write.1.tlog
G:\VS2012\1942\1942\Debug\vc110.idb
G:\VS2012\1942\1942\Debug\vc110.pdb
G:\VS2012\1942\Debug\1942.pdb
G:\VS2012\1942\Debug\1942.exe
G:\VS2012\1942\Debug\1942.ilk
